<?xml version="1.0" encoding="UTF-8"?>
<!-- Generated by org.testng.reporters.JUnitXMLReporter -->
<testsuite hostname="Sujatas-MacBook-Air.local" ignored="1" name="loginTNG" tests="4" failures="0" timestamp="2022-09-02T12:22:21 PDT" time="72.337" errors="0">
  <testcase name="TC01_loginErrorMessage" time="16.256" classname="com.sfdc.test.LoginTest"/>
  <testcase name="TC03_checkRememberMe" time="30.681" classname="com.sfdc.test.LoginTest"/>
  <testcase name="TC04A_forgotPassword" time="12.727" classname="com.sfdc.test.LoginTest"/>
  <testcase name="TC04B_forgotPassword" time="11.778" classname="com.sfdc.test.LoginTest"/>
  <testcase name="TC02_loginToSFDCFreeTrial" time="0.0" classname="com.sfdc.test.LoginTest">
    <ignored/>
  </testcase> <!-- TC02_loginToSFDCFreeTrial -->
</testsuite> <!-- loginTNG -->
