<?xml version="1.0" encoding="UTF-8"?>
<!-- Generated by org.testng.reporters.JUnitXMLReporter -->
<testsuite ignored="1" hostname="Sujatas-MacBook-Air.local" failures="0" tests="4" name="loginTNG" time="57.773" errors="0" timestamp="2022-09-13T17:47:39 PDT">
  <testcase classname="com.sfdc.test.LoginTest" name="TC01_loginErrorMessage" time="13.823"/>
  <testcase classname="com.sfdc.test.LoginTest" name="TC03_checkRememberMe" time="30.136"/>
  <testcase classname="com.sfdc.test.LoginTest" name="TC04A_forgotPassword" time="6.349"/>
  <testcase classname="com.sfdc.test.LoginTest" name="TC04B_forgotPassword" time="6.372"/>
  <testcase classname="com.sfdc.test.LoginTest" name="TC02_loginToSFDCFreeTrial" time="0.0">
    <ignored/>
  </testcase> <!-- TC02_loginToSFDCFreeTrial -->
</testsuite> <!-- loginTNG -->
