<?xml version="1.0" encoding="UTF-8"?>
<testng-results ignored="0" total="4" passed="4" failed="0" skipped="0">
  <reporter-output>
  </reporter-output>
  <suite started-at="2022-09-14T14:03:39 PDT" name="parallelExample" finished-at="2022-09-14T14:03:39 PDT" duration-ms="160">
    <groups>
    </groups>
    <test started-at="2022-09-14T14:03:39 PDT" name="parallelExecution" finished-at="2022-09-14T14:03:39 PDT" duration-ms="160">
      <class name="com.sfdc.pkg.ParallelExMethods">
        <test-method is-config="true" signature="beforeTest()[pri:0, instance:com.sfdc.pkg.ParallelExMethods@5ea434c8]" started-at="2022-09-14T14:03:39 PDT" name="beforeTest" finished-at="2022-09-14T14:03:39 PDT" duration-ms="83" status="PASS">
          <reporter-output>
          </reporter-output>
        </test-method> <!-- beforeTest -->
        <test-method is-config="true" signature="beforeMethod()[pri:0, instance:com.sfdc.pkg.ParallelExMethods@5ea434c8]" started-at="2022-09-14T14:03:39 PDT" name="beforeMethod" finished-at="2022-09-14T14:03:39 PDT" duration-ms="0" status="PASS">
          <reporter-output>
          </reporter-output>
        </test-method> <!-- beforeMethod -->
        <test-method signature="m1()[pri:0, instance:com.sfdc.pkg.ParallelExMethods@5ea434c8]" started-at="2022-09-14T14:03:39 PDT" name="m1" finished-at="2022-09-14T14:03:39 PDT" duration-ms="1" status="PASS">
          <reporter-output>
          </reporter-output>
        </test-method> <!-- m1 -->
        <test-method is-config="true" signature="afterMethod()[pri:0, instance:com.sfdc.pkg.ParallelExMethods@5ea434c8]" started-at="2022-09-14T14:03:39 PDT" name="afterMethod" finished-at="2022-09-14T14:03:39 PDT" duration-ms="0" status="PASS">
          <reporter-output>
          </reporter-output>
        </test-method> <!-- afterMethod -->
        <test-method signature="m2()[pri:0, instance:com.sfdc.pkg.ParallelExMethods@5ea434c8]" started-at="2022-09-14T14:03:39 PDT" name="m2" finished-at="2022-09-14T14:03:39 PDT" duration-ms="0" status="PASS">
          <reporter-output>
          </reporter-output>
        </test-method> <!-- m2 -->
        <test-method is-config="true" signature="beforeMethod()[pri:0, instance:com.sfdc.pkg.ParallelExMethods@5ea434c8]" started-at="2022-09-14T14:03:39 PDT" name="beforeMethod" finished-at="2022-09-14T14:03:39 PDT" duration-ms="0" status="PASS">
          <reporter-output>
          </reporter-output>
        </test-method> <!-- beforeMethod -->
        <test-method is-config="true" signature="afterMethod()[pri:0, instance:com.sfdc.pkg.ParallelExMethods@5ea434c8]" started-at="2022-09-14T14:03:39 PDT" name="afterMethod" finished-at="2022-09-14T14:03:39 PDT" duration-ms="0" status="PASS">
          <reporter-output>
          </reporter-output>
        </test-method> <!-- afterMethod -->
        <test-method signature="m3()[pri:0, instance:com.sfdc.pkg.ParallelExMethods@5ea434c8]" started-at="2022-09-14T14:03:39 PDT" name="m3" finished-at="2022-09-14T14:03:39 PDT" duration-ms="1" status="PASS">
          <reporter-output>
          </reporter-output>
        </test-method> <!-- m3 -->
        <test-method is-config="true" signature="beforeMethod()[pri:0, instance:com.sfdc.pkg.ParallelExMethods@5ea434c8]" started-at="2022-09-14T14:03:39 PDT" name="beforeMethod" finished-at="2022-09-14T14:03:39 PDT" duration-ms="0" status="PASS">
          <reporter-output>
          </reporter-output>
        </test-method> <!-- beforeMethod -->
        <test-method is-config="true" signature="afterMethod()[pri:0, instance:com.sfdc.pkg.ParallelExMethods@5ea434c8]" started-at="2022-09-14T14:03:39 PDT" name="afterMethod" finished-at="2022-09-14T14:03:39 PDT" duration-ms="0" status="PASS">
          <reporter-output>
          </reporter-output>
        </test-method> <!-- afterMethod -->
        <test-method is-config="true" signature="beforeMethod()[pri:0, instance:com.sfdc.pkg.ParallelExMethods@5ea434c8]" started-at="2022-09-14T14:03:39 PDT" name="beforeMethod" finished-at="2022-09-14T14:03:39 PDT" duration-ms="1" status="PASS">
          <reporter-output>
          </reporter-output>
        </test-method> <!-- beforeMethod -->
        <test-method signature="m4()[pri:0, instance:com.sfdc.pkg.ParallelExMethods@5ea434c8]" started-at="2022-09-14T14:03:39 PDT" name="m4" finished-at="2022-09-14T14:03:39 PDT" duration-ms="0" status="PASS">
          <reporter-output>
          </reporter-output>
        </test-method> <!-- m4 -->
        <test-method is-config="true" signature="afterMethod()[pri:0, instance:com.sfdc.pkg.ParallelExMethods@5ea434c8]" started-at="2022-09-14T14:03:39 PDT" name="afterMethod" finished-at="2022-09-14T14:03:39 PDT" duration-ms="0" status="PASS">
          <reporter-output>
          </reporter-output>
        </test-method> <!-- afterMethod -->
        <test-method is-config="true" signature="afterTest()[pri:0, instance:com.sfdc.pkg.ParallelExMethods@5ea434c8]" started-at="2022-09-14T14:03:39 PDT" name="afterTest" finished-at="2022-09-14T14:03:39 PDT" duration-ms="1" status="PASS">
          <reporter-output>
          </reporter-output>
        </test-method> <!-- afterTest -->
      </class> <!-- com.sfdc.pkg.ParallelExMethods -->
    </test> <!-- parallelExecution -->
  </suite> <!-- parallelExample -->
</testng-results>
