<?xml version="1.0" encoding="UTF-8"?>
<!-- Generated by org.testng.reporters.JUnitXMLReporter -->
<testsuite hostname="Sujatas-MacBook-Air.local" ignored="0" name="parallelExecution" tests="4" failures="0" timestamp="2022-09-11T13:34:57 PDT" time="0.092" errors="0">
  <testcase name="m1" time="0.006" classname="com.sfdc.pkg.ParallelExMethods"/>
  <testcase name="m2" time="0.004" classname="com.sfdc.pkg.ParallelExMethods"/>
  <testcase name="m3" time="0.001" classname="com.sfdc.pkg.ParallelExMethods"/>
  <testcase name="m4" time="0.003" classname="com.sfdc.pkg.ParallelExMethods"/>
</testsuite> <!-- parallelExecution -->
