<?xml version="1.0" encoding="UTF-8"?>
<!-- Generated by org.testng.reporters.JUnitXMLReporter -->
<testsuite ignored="0" hostname="Sujatas-MacBook-Air.local" failures="0" tests="4" name="parallelExecution" time="0.085" errors="0" timestamp="2022-09-13T12:55:08 PDT">
  <testcase classname="com.sfdc.pkg.ParallelExMethods" name="m1" time="0.012"/>
  <testcase classname="com.sfdc.pkg.ParallelExMethods" name="m2" time="0.001"/>
  <testcase classname="com.sfdc.pkg.ParallelExMethods" name="m3" time="0.001"/>
  <testcase classname="com.sfdc.pkg.ParallelExMethods" name="m4" time="0.002"/>
</testsuite> <!-- parallelExecution -->
