<?xml version="1.0" encoding="UTF-8"?>
<!-- Generated by org.testng.reporters.JUnitXMLReporter -->
<testsuite hostname="Sujatas-MacBook-Air.local" ignored="4" name="randomTest_TC33" tests="1" failures="0" timestamp="2022-09-02T15:05:12 PDT" time="45.839" errors="0">
  <testcase name="TC33_TestFirstLastNameLink" time="32.275" classname="com.sfdc.test.RandomTests"/>
  <testcase name="TC35_VerifyTabCustomizations" time="0.0" classname="com.sfdc.test.RandomTests">
    <ignored/>
  </testcase> <!-- TC35_VerifyTabCustomizations -->
  <testcase name="TC34_VerifyLastNameUpdates" time="0.0" classname="com.sfdc.test.RandomTests">
    <ignored/>
  </testcase> <!-- TC34_VerifyLastNameUpdates -->
  <testcase name="TC37_TestCalendarWeeklyRecurrance" time="0.0" classname="com.sfdc.test.RandomTests">
    <ignored/>
  </testcase> <!-- TC37_TestCalendarWeeklyRecurrance -->
  <testcase name="TC36_TestCalendarEventBlock" time="0.0" classname="com.sfdc.test.RandomTests">
    <ignored/>
  </testcase> <!-- TC36_TestCalendarEventBlock -->
</testsuite> <!-- randomTest_TC33 -->
