<?xml version="1.0" encoding="UTF-8"?>
<!-- Generated by org.testng.reporters.JUnitXMLReporter -->
<testsuite hostname="Sujatas-MacBook-Air.local" ignored="4" name="randomTests_TC35" tests="1" failures="0" timestamp="2022-09-02T15:07:28 PDT" time="135.276" errors="0">
  <testcase name="TC35_VerifyTabCustomizations" time="121.814" classname="com.sfdc.test.RandomTests"/>
  <testcase name="TC34_VerifyLastNameUpdates" time="0.0" classname="com.sfdc.test.RandomTests">
    <ignored/>
  </testcase> <!-- TC34_VerifyLastNameUpdates -->
  <testcase name="TC37_TestCalendarWeeklyRecurrance" time="0.0" classname="com.sfdc.test.RandomTests">
    <ignored/>
  </testcase> <!-- TC37_TestCalendarWeeklyRecurrance -->
  <testcase name="TC33_TestFirstLastNameLink" time="0.0" classname="com.sfdc.test.RandomTests">
    <ignored/>
  </testcase> <!-- TC33_TestFirstLastNameLink -->
  <testcase name="TC36_TestCalendarEventBlock" time="0.0" classname="com.sfdc.test.RandomTests">
    <ignored/>
  </testcase> <!-- TC36_TestCalendarEventBlock -->
</testsuite> <!-- randomTests_TC35 -->
