<?xml version="1.0" encoding="UTF-8"?>
<!-- Generated by org.testng.reporters.JUnitXMLReporter -->
<testsuite hostname="Sujatas-MacBook-Air.local" ignored="0" name="parallelExecution" tests="4" failures="0" timestamp="2022-09-02T18:43:24 PDT" time="0.118" errors="0">
  <testcase name="m3" time="0.023" classname="com.sfdc.pkg.ParallelExMethods"/>
  <testcase name="m1" time="0.022" classname="com.sfdc.pkg.ParallelExMethods"/>
  <testcase name="m2" time="0.026" classname="com.sfdc.pkg.ParallelExMethods"/>
  <testcase name="m4" time="0.026" classname="com.sfdc.pkg.ParallelExMethods"/>
</testsuite> <!-- parallelExecution -->
